ResideMenu/build/outputs/logs/manifest-merger-debug-report.txt
-- Merging decision tree log ---
manifest
ADDED from AzureDragon/ResideMenu/AndroidManifest.xml:2:1-5:48
INJECTED from AzureDragon/ResideMenu/AndroidManifest.xml:2:1-5:48
INJECTED from AzureDragon/ResideMenu/AndroidManifest.xml:2:1-5:48
INJECTED from AzureDragon/ResideMenu/AndroidManifest.xml:2:1-5:48
INJECTED from AzureDragon/ResideMenu/AndroidManifest.xml:2:1-5:48
INJECTED from AzureDragon/ResideMenu/AndroidManifest.xml:2:1-5:48
INJECTED from AzureDragon/ResideMenu/AndroidManifest.xml:2:1-5:48
	package
		ADDED from AzureDragon/ResideMenu/AndroidManifest.xml:3:11-43
		INJECTED from AzureDragon/ResideMenu/AndroidManifest.xml
		INJECTED from AzureDragon/ResideMenu/AndroidManifest.xml
	android:versionName
		ADDED from AzureDragon/ResideMenu/AndroidManifest.xml:5:11-36
		INJECTED from AzureDragon/ResideMenu/AndroidManifest.xml
		INJECTED from AzureDragon/ResideMenu/AndroidManifest.xml
	xmlns:android
		ADDED from AzureDragon/ResideMenu/AndroidManifest.xml:2:11-69
	android:versionCode
		ADDED from AzureDragon/ResideMenu/AndroidManifest.xml:4:11-34
		INJECTED from AzureDragon/ResideMenu/AndroidManifest.xml
		INJECTED from AzureDragon/ResideMenu/AndroidManifest.xml
uses-sdk
INJECTED from AzureDragon/ResideMenu/AndroidManifest.xml reason: use-sdk injection requested
INJECTED from AzureDragon/ResideMenu/AndroidManifest.xml
INJECTED from AzureDragon/ResideMenu/AndroidManifest.xml
INJECTED from AzureDragon/ResideMenu/AndroidManifest.xml
INJECTED from AzureDragon/ResideMenu/AndroidManifest.xml
	android:targetSdkVersion
		INJECTED from AzureDragon/ResideMenu/AndroidManifest.xml
		ADDED from AzureDragon/ResideMenu/AndroidManifest.xml
		INJECTED from AzureDragon/ResideMenu/AndroidManifest.xml
	android:minSdkVersion
		INJECTED from AzureDragon/ResideMenu/AndroidManifest.xml
		ADDED from AzureDragon/ResideMenu/AndroidManifest.xml
		INJECTED from AzureDragon/ResideMenu/AndroidManifest.xml